<?xml version="1.0" encoding="UTF-8"?>
<testng-results skipped="0" failed="0" total="1" passed="1">
  <reporter-output>
  </reporter-output>
  <suite name="appiumtest.Test1" duration-ms="24" started-at="2017-07-19T03:30:30Z" finished-at="2017-07-19T03:30:30Z">
    <groups>
    </groups>
    <test name="Command line test" duration-ms="24" started-at="2017-07-19T03:30:30Z" finished-at="2017-07-19T03:30:30Z">
      <class name="appiumtest.Test1">
        <test-method status="PASS" signature="beforeMethod()[pri:0, instance:appiumtest.Test1@4cb2c100]" name="beforeMethod" is-config="true" duration-ms="6" started-at="2017-07-18T20:30:30Z" finished-at="2017-07-18T20:30:30Z">
          <reporter-output>
          </reporter-output>
        </test-method> <!-- beforeMethod -->
        <test-method status="PASS" signature="f()[pri:0, instance:appiumtest.Test1@4cb2c100]" name="f" duration-ms="1" started-at="2017-07-18T20:30:30Z" finished-at="2017-07-18T20:30:30Z">
          <reporter-output>
          </reporter-output>
        </test-method> <!-- f -->
        <test-method status="PASS" signature="afterMethod()[pri:0, instance:appiumtest.Test1@4cb2c100]" name="afterMethod" is-config="true" duration-ms="0" started-at="2017-07-18T20:30:30Z" finished-at="2017-07-18T20:30:30Z">
          <reporter-output>
          </reporter-output>
        </test-method> <!-- afterMethod -->
      </class> <!-- appiumtest.Test1 -->
    </test> <!-- Command line test -->
  </suite> <!-- appiumtest.Test1 -->
</testng-results>
